Arguments: 
  /Users/dominicl/Applications/Framer X.app/Contents/Resources/Node/bin/node /Users/dominicl/Applications/Framer X.app/Contents/Resources/Server/node_modules/yarn/lib/cli.js outdated --cwd /Users/dominicl/Library/Autosave Information/Framer-A303DCBA-6D76-42E0-8A78-F2C5695AD897/container --skip-integrity-check --cache-folder /Users/dominicl/Library/Caches/Framer/yarn/cache --mutex file:/Users/dominicl/Library/Caches/Framer/yarn/mutex --json

PATH: 
  /usr/bin:/bin:/usr/sbin:/sbin

Yarn version: 
  1.9.4

Node version: 
  10.13.0

Platform: 
  darwin x64

Trace: 
  Error: getaddrinfo ENOTFOUND registry.yarnpkg.com registry.yarnpkg.com:443
      at GetAddrInfoReqWrap.onlookup [as oncomplete] (dns.js:57:26)

npm manifest: 
  {
  	"main": "dist/index.js",
  	"license": "MIT",
  	"devDependencies": {
  		"@types/react": "^16.4.16",
  		"framer": "^0.10.5"
  	},
  	"peerDependencies": {
  		"framer": "^0.10.5",
  		"react": "^16.3.0",
  		"react-dom": "^16.3.0"
  	},
  	"framer": {
  		"id": "a8f72beb-de6d-49ce-a7b1-031cb33bf687"
  	},
  	"author": "Dom Leung",
  	"dependencies": {
  		"@framer/airbnb.lottie": "^1.1.0"
  	}
  }

yarn manifest: 
  No manifest

Lockfile: 
  # THIS IS AN AUTOGENERATED FILE. DO NOT EDIT THIS FILE DIRECTLY.
  # yarn lockfile v1
  
  
  "@framer/airbnb.lottie@^1.1.0":
    version "1.1.0"
    resolved "https://registry.framer.com/@framer/airbnb.lottie/-/@framer/airbnb.lottie-1.1.0.tgz#3a79c414ce3488a7d67dfeda0cb6dace698b4428"
    dependencies:
      lottie-web "^5.2.1"
      prop-types "^15.6.2"
      react-lottie "^1.2.3"
  
  "@types/prop-types@*":
    version "15.5.6"
    resolved "https://registry.yarnpkg.com/@types/prop-types/-/prop-types-15.5.6.tgz#9c03d3fed70a8d517c191b7734da2879b50ca26c"
  
  "@types/react@^16.4.16":
    version "16.4.16"
    resolved "https://registry.yarnpkg.com/@types/react/-/react-16.4.16.tgz#99f91b1200ae8c2062030402006d3b3c3a177043"
    dependencies:
      "@types/prop-types" "*"
      csstype "^2.2.0"
  
  babel-runtime@^6.26.0:
    version "6.26.0"
    resolved "https://registry.yarnpkg.com/babel-runtime/-/babel-runtime-6.26.0.tgz#965c7058668e82b55d7bfe04ff2337bc8b5647fe"
    dependencies:
      core-js "^2.4.0"
      regenerator-runtime "^0.11.0"
  
  core-js@^2.4.0:
    version "2.6.4"
    resolved "https://registry.yarnpkg.com/core-js/-/core-js-2.6.4.tgz#b8897c062c4d769dd30a0ac5c73976c47f92ea0d"
  
  csstype@^2.2.0:
    version "2.5.5"
    resolved "https://registry.yarnpkg.com/csstype/-/csstype-2.5.5.tgz#4125484a3d42189a863943f23b9e4b80fedfa106"
  
  framer@^0.10.5:
    version "0.10.5"
    resolved "https://registry.yarnpkg.com/framer/-/framer-0.10.5.tgz#44ca478658fd4ef77d7e84a948f612f2f541224a"
  
  "js-tokens@^3.0.0 || ^4.0.0":
    version "4.0.0"
    resolved "https://registry.yarnpkg.com/js-tokens/-/js-tokens-4.0.0.tgz#19203fb59991df98e3a287050d4647cdeaf32499"
  
  loose-envify@^1.3.1:
    version "1.4.0"
    resolved "https://registry.yarnpkg.com/loose-envify/-/loose-envify-1.4.0.tgz#71ee51fa7be4caec1a63839f7e682d8132d30caf"
    dependencies:
      js-tokens "^3.0.0 || ^4.0.0"
  
  lottie-web@^5.1.3, lottie-web@^5.2.1:
    version "5.4.3"
    resolved "https://registry.yarnpkg.com/lottie-web/-/lottie-web-5.4.3.tgz#add7ca75a41f3f0c07c7defd81c1b8c5922e1a3e"
  
  object-assign@^4.1.1:
    version "4.1.1"
    resolved "https://registry.yarnpkg.com/object-assign/-/object-assign-4.1.1.tgz#2109adc7965887cfc05cbbd442cac8bfbb360863"
  
  prop-types@^15.6.2:
    version "15.6.2"
    resolved "https://registry.yarnpkg.com/prop-types/-/prop-types-15.6.2.tgz#05d5ca77b4453e985d60fc7ff8c859094a497102"
    dependencies:
      loose-envify "^1.3.1"
      object-assign "^4.1.1"
  
  react-lottie@^1.2.3:
    version "1.2.3"
    resolved "https://registry.yarnpkg.com/react-lottie/-/react-lottie-1.2.3.tgz#8544b96939e088658072eea5e12d912cdaa3acc1"
    dependencies:
      babel-runtime "^6.26.0"
      lottie-web "^5.1.3"
  
  regenerator-runtime@^0.11.0:
    version "0.11.1"
    resolved "https://registry.yarnpkg.com/regenerator-runtime/-/regenerator-runtime-0.11.1.tgz#be05ad7f9bf7d22e056f9726cee5017fbf19e2e9"
